2026-06-24T11:18:01.680Z - POST REVIEW - Product: 9516944851165, Shop: demoharsh-1dds80q1.myshopify.com, Rating: 5, Reviewer: Harsh Khichi
2026-06-24T11:18:02.930Z - POST REVIEW SUCCESS - New Review ID: 6ff3cd93-09b9-4b78-aca6-f51c80ca1696
2026-06-24T13:36:58.969Z - POST REVIEW - Product: 9516944851165, Shop: demoharsh-1dds80q1.myshopify.com, Rating: 3, Reviewer: harshkhichi1098
2026-06-24T13:36:59.024Z - IMAGE SAVED - Path: C:\Users\Lenovo\OneDrive\Desktop\Shopify\Custom Apps\ReviewsAPP\review-app-fe\public\uploads\1782308219002-notes-image.png, URL: http://moustache-take-karaoke.ngrok-free.dev/uploads/1782308219002-notes-image.png
2026-06-24T13:37:01.612Z - POST REVIEW SUCCESS - New Review ID: ff53a324-00e6-4d89-9791-36bcfbc9f871
2026-06-25T09:50:10.546Z - POST REVIEW - Product: 9516944851165, Shop: demoharsh-1dds80q1.myshopify.com, Rating: 5, Reviewer: harshkhichi1098
2026-06-25T09:50:12.265Z - POST REVIEW SUCCESS - New Review ID: bf140a11-260b-4609-a2ac-7775554f43f2
2026-06-25T11:07:13.176Z - POST REVIEW - Product: 9516944851165, Shop: demoharsh-1dds80q1.myshopify.com, Rating: 5, Reviewer: harshkhichi1098
2026-06-25T11:07:15.914Z - POST REVIEW SUCCESS - New Review ID: 23f2f0c0-2e32-49e1-a44c-685a7acbe48b
2026-06-25T11:13:32.669Z - POST REVIEW - Product: 9516944851165, Shop: demoharsh-1dds80q1.myshopify.com, Rating: 5, Reviewer: harshkhichi1098
2026-06-25T11:13:32.689Z - IMAGE SAVED - Path: C:\Users\Lenovo\OneDrive\Desktop\Shopify\Custom Apps\ReviewsAPP\review-app-fe\public\uploads\1782386012681-notes-image.png, URL: http://moustache-take-karaoke.ngrok-free.dev/uploads/1782386012681-notes-image.png
2026-06-25T11:13:36.612Z - POST REVIEW SUCCESS - New Review ID: e4e6ba67-e768-42ac-9360-72f71baa4bc1
2026-06-25T14:16:01.652Z - POST REVIEW - Product: 9516944851165, Shop: demoharsh-1dds80q1.myshopify.com, Rating: 5, Reviewer: harshkhichi1098
2026-06-25T14:16:04.287Z - POST REVIEW SUCCESS - New Review ID: 64bb2de4-57bc-491f-a9ea-b1c0bdb13992
2026-06-25T14:35:29.648Z - POST REVIEW - Product: 9516944851165, Shop: demoharsh-1dds80q1.myshopify.com, Rating: 2, Reviewer: harshkhichi1098
2026-06-25T14:35:29.670Z - IMAGE SAVED - Path: C:\Users\Lenovo\OneDrive\Desktop\Shopify\Custom Apps\ReviewsAPP\review-app-fe\public\uploads\1782398129665-certified.png, URL: http://moustache-take-karaoke.ngrok-free.dev/uploads/1782398129665-certified.png
2026-06-25T14:35:31.339Z - POST REVIEW SUCCESS - New Review ID: 39cd1bdf-8b99-45d2-9999-abfd04607232
2026-06-25T14:39:30.192Z - POST REVIEW - Product: 9516944851165, Shop: demoharsh-1dds80q1.myshopify.com, Rating: 2, Reviewer: harshkhichi1098
2026-06-25T14:39:30.198Z - IMAGE SAVED - Path: C:\Users\Lenovo\OneDrive\Desktop\Shopify\Custom Apps\ReviewsAPP\review-app-fe\public\uploads\1782398370196-Phone-Call.png, URL: http://moustache-take-karaoke.ngrok-free.dev/uploads/1782398370196-Phone-Call.png
2026-06-25T14:39:31.547Z - POST REVIEW SUCCESS - New Review ID: 06140574-c005-4b34-8ca4-7f6a6b97f999
2026-06-25T14:45:34.709Z - POST REVIEW - Product: 9516944851165, Shop: demoharsh-1dds80q1.myshopify.com, Rating: 3, Reviewer: harshkhichi1098
2026-06-25T14:45:34.720Z - IMAGE SAVED - Path: C:\Users\Lenovo\OneDrive\Desktop\Shopify\Custom Apps\ReviewsAPP\review-app-fe\public\uploads\1782398734717-mail.png, URL: http://moustache-take-karaoke.ngrok-free.dev/uploads/1782398734717-mail.png
2026-06-25T14:45:36.250Z - POST REVIEW SUCCESS - New Review ID: a5f8b6a9-7b12-4e54-807d-53bdc762429f
2026-06-26T11:01:46.499Z - POST REVIEW - Product: 9516944851165, Shop: demoharsh-1dds80q1.myshopify.com, Rating: 4, Reviewer: harshkhichi1098
2026-06-26T11:01:48.018Z - POST REVIEW SUCCESS - New Review ID: a6fa5b99-c50a-4d3f-9fe2-3cf087fcc2fb
2026-06-26T14:01:13.763Z - POST REVIEW - Product: 9516944851165, Shop: demoharsh-1dds80q1.myshopify.com, Rating: 2, Reviewer: harshkhichi1098
2026-06-26T14:01:13.807Z - IMAGE SAVED - Path: C:\Users\Lenovo\OneDrive\Desktop\Shopify\Custom Apps\ReviewsAPP\review-app-fe\public\uploads\1782482473794-avatar-image-3.jpg, URL: http://moustache-take-karaoke.ngrok-free.dev/uploads/1782482473794-avatar-image-3.jpg
2026-06-26T14:01:16.371Z - POST REVIEW SUCCESS - New Review ID: 4b6fdd15-2c2a-4d9e-b600-e9d1ea949876
2026-06-27T07:32:03.841Z - POST REVIEW - Product: 9516944851165, Shop: demoharsh-1dds80q1.myshopify.com, Rating: 3, Reviewer: harshkhichi1098
2026-06-27T07:32:03.864Z - IMAGE SAVED - Path: C:\Users\Lenovo\OneDrive\Desktop\Shopify\Custom Apps\ReviewsAPP\review-app-fe\public\uploads\1782545523857-0c16vbi-product-1-img.jpeg, URL: http://moustache-take-karaoke.ngrok-free.dev/uploads/1782545523857-0c16vbi-product-1-img.jpeg
2026-06-27T07:32:05.327Z - POST REVIEW SUCCESS - New Review ID: 935c0a07-2113-4845-a1e9-e9c78c164c85
2026-06-27T08:06:34.697Z - POST REVIEW - Product: 9516944851165, Shop: demoharsh-1dds80q1.myshopify.com, Rating: 2, Reviewer: harshkhichi1098
2026-06-27T08:06:34.716Z - IMAGE SAVED - Path: C:\Users\Lenovo\OneDrive\Desktop\Shopify\Custom Apps\ReviewsAPP\review-app-fe\public\uploads\1782547594709-orw6z1w-product-image-3.jpeg, URL: http://moustache-take-karaoke.ngrok-free.dev/uploads/1782547594709-orw6z1w-product-image-3.jpeg
2026-06-27T08:06:36.028Z - POST REVIEW SUCCESS - New Review ID: 8a1ee996-56a3-4173-a52d-f913bae503d9
2026-06-27T08:15:13.814Z - POST REVIEW - Product: 9516944851165, Shop: demoharsh-1dds80q1.myshopify.com, Rating: 4, Reviewer: harshkhichi1098
2026-06-27T08:15:13.826Z - IMAGE SAVED - Path: C:\Users\Lenovo\OneDrive\Desktop\Shopify\Custom Apps\ReviewsAPP\review-app-fe\public\uploads\1782548113824-14vofpm-product-image-3.jpeg, URL: http://moustache-take-karaoke.ngrok-free.dev/uploads/1782548113824-14vofpm-product-image-3.jpeg
2026-06-27T08:15:13.831Z - IMAGE SAVED - Path: C:\Users\Lenovo\OneDrive\Desktop\Shopify\Custom Apps\ReviewsAPP\review-app-fe\public\uploads\1782548113830-ytvglr9-product-image-2.jpeg, URL: http://moustache-take-karaoke.ngrok-free.dev/uploads/1782548113830-ytvglr9-product-image-2.jpeg
2026-06-27T08:15:13.838Z - IMAGE SAVED - Path: C:\Users\Lenovo\OneDrive\Desktop\Shopify\Custom Apps\ReviewsAPP\review-app-fe\public\uploads\1782548113832-5a6wlwo-avatar-image-1.jpg, URL: http://moustache-take-karaoke.ngrok-free.dev/uploads/1782548113832-5a6wlwo-avatar-image-1.jpg
2026-06-27T08:15:16.105Z - POST REVIEW SUCCESS - New Review ID: 6471fe56-9554-4a60-ba27-9a825a326317
2026-06-27T08:18:15.866Z - POST REVIEW - Product: 9516944851165, Shop: demoharsh-1dds80q1.myshopify.com, Rating: 5, Reviewer: harshkhichi1098
2026-06-27T08:18:15.879Z - IMAGE SAVED - Path: C:\Users\Lenovo\OneDrive\Desktop\Shopify\Custom Apps\ReviewsAPP\review-app-fe\public\uploads\1782548295875-9uu0v33-avatar-image-2.jpg, URL: http://moustache-take-karaoke.ngrok-free.dev/uploads/1782548295875-9uu0v33-avatar-image-2.jpg
2026-06-27T08:18:17.116Z - POST REVIEW SUCCESS - New Review ID: cff954b7-ca38-4bfc-beb6-df50b64b547b
2026-06-27T08:25:49.495Z - POST REVIEW - Product: 9516944851165, Shop: demoharsh-1dds80q1.myshopify.com, Rating: 1, Reviewer: harshkhichi1098
2026-06-27T08:25:49.516Z - IMAGE SAVED - Path: C:\Users\Lenovo\OneDrive\Desktop\Shopify\Custom Apps\ReviewsAPP\review-app-fe\public\uploads\1782548749510-des353p-post-12.jpg-1200x650.jpeg, URL: http://moustache-take-karaoke.ngrok-free.dev/uploads/1782548749510-des353p-post-12.jpg-1200x650.jpeg
2026-06-27T08:25:49.525Z - IMAGE SAVED - Path: C:\Users\Lenovo\OneDrive\Desktop\Shopify\Custom Apps\ReviewsAPP\review-app-fe\public\uploads\1782548749521-pge9v7m-Diabic_clinically_proven.jpeg, URL: http://moustache-take-karaoke.ngrok-free.dev/uploads/1782548749521-pge9v7m-Diabic_clinically_proven.jpeg
2026-06-27T08:25:50.770Z - POST REVIEW SUCCESS - New Review ID: 0b13a562-8c64-4fcd-8cc3-985af71423a7
2026-06-30T06:20:53.577Z - GET REVIEWS - Product: 10666f6c-cbdb-4cc8-b056-5edaf00cb0e3, Shop: demoharsh-1dds80q1.myshopify.com
2026-06-30T06:20:54.311Z - GET REVIEWS SUCCESS - Count: 0, Avg: 0
2026-06-30T06:21:44.444Z - POST REVIEW CRASH - Content-Type was not one of "multipart/form-data" or "application/x-www-form-urlencoded".
2026-06-30T06:21:53.608Z - GET REVIEWS - Product: 10666f6c-cbdb-4cc8-b056-5edaf00cb0e3, Shop: demoharsh-1dds80q1.myshopify.com
2026-06-30T06:21:54.918Z - GET REVIEWS SUCCESS - Count: 0, Avg: 0
2026-06-30T06:26:06.031Z - GET REVIEWS - Product: 48003971088605, Shop: demoharsh-1dds80q1.myshopify.com
2026-06-30T06:26:10.984Z - GET REVIEWS SUCCESS - Count: 0, Avg: 0
2026-06-30T06:26:18.905Z - GET REVIEWS - Product: 48003971088605, Shop: demoharsh-1dds80q1.myshopify.com
2026-06-30T06:26:22.427Z - GET REVIEWS SUCCESS - Count: 0, Avg: 0
2026-06-30T06:28:15.983Z - GET REVIEWS - Product: 9516944851165, Shop: demoharsh-1dds80q1.myshopify.com
2026-06-30T06:28:17.055Z - GET REVIEWS SUCCESS - Count: 8, Avg: 3.9
2026-06-30T06:53:12.091Z - GET REVIEWS - Product: 9516944949469, Shop: demoharsh-1dds80q1.myshopify.com
2026-06-30T06:53:12.849Z - GET REVIEWS SUCCESS - Count: 0, Avg: 0
2026-06-30T06:53:24.008Z - GET REVIEWS - Product: 9516944851165, Shop: demoharsh-1dds80q1.myshopify.com
2026-06-30T06:53:24.649Z - GET REVIEWS SUCCESS - Count: 8, Avg: 3.9
2026-06-30T06:53:51.022Z - GET REVIEWS - Product: 9516944949469, Shop: demoharsh-1dds80q1.myshopify.com
2026-06-30T06:53:51.673Z - GET REVIEWS SUCCESS - Count: 0, Avg: 0
