2026-06-24T10:57:28.042Z - ADMIN LOADER START - Shop: demoharsh-1dds80q1.myshopify.com
2026-06-24T10:57:28.749Z - ADMIN LOADER SUCCESS - Found: 0 reviews total across shop.
2026-06-24T11:35:01.406Z - ADMIN LOADER START - Shop: demoharsh-1dds80q1.myshopify.com
2026-06-24T11:35:02.668Z - ADMIN LOADER SUCCESS - Found: 1 reviews total across shop.
2026-06-24T12:58:18.008Z - ADMIN LOADER START - Shop: demoharsh-1dds80q1.myshopify.com
2026-06-24T12:58:18.692Z - ADMIN LOADER SUCCESS - Found: 1 reviews total across shop.
2026-06-25T09:23:11.667Z - ADMIN LOADER START - Shop: demoharsh-1dds80q1.myshopify.com
2026-06-25T09:23:12.506Z - ADMIN LOADER SUCCESS - Found: 2 reviews total across shop.
2026-06-25T09:26:36.908Z - ADMIN LOADER START - Shop: demoharsh-1dds80q1.myshopify.com
2026-06-25T09:26:37.610Z - ADMIN LOADER SUCCESS - Found: 2 reviews total across shop.
2026-06-25T11:15:38.235Z - ADMIN LOADER START - Shop: demoharsh-1dds80q1.myshopify.com
2026-06-25T11:15:39.960Z - ADMIN LOADER SUCCESS - Found: 5 reviews total across shop.
2026-06-25T14:25:47.652Z - ADMIN LOADER START - Shop: demoharsh-1dds80q1.myshopify.com
2026-06-25T14:25:48.900Z - ADMIN LOADER SUCCESS - Found: 6 reviews total across shop.
2026-06-25T14:28:25.375Z - ADMIN ACTION - Shop: demoharsh-1dds80q1.myshopify.com, Intent: delete, Product: gid://shopify/Product/9516944851165, Review: 6ff3cd93-09b9-4b78-aca6-f51c80ca1696
2026-06-25T14:28:26.810Z - ADMIN DELETE SUCCESS
2026-06-25T14:28:27.067Z - ADMIN LOADER START - Shop: demoharsh-1dds80q1.myshopify.com
2026-06-25T14:28:27.777Z - ADMIN LOADER SUCCESS - Found: 5 reviews total across shop.
2026-06-25T14:28:33.962Z - ADMIN ACTION - Shop: demoharsh-1dds80q1.myshopify.com, Intent: delete, Product: gid://shopify/Product/9516944851165, Review: e4e6ba67-e768-42ac-9360-72f71baa4bc1
2026-06-25T14:28:35.749Z - ADMIN DELETE SUCCESS
2026-06-25T14:28:36.194Z - ADMIN LOADER START - Shop: demoharsh-1dds80q1.myshopify.com
2026-06-25T14:28:36.705Z - ADMIN LOADER SUCCESS - Found: 4 reviews total across shop.
2026-06-25T14:28:48.177Z - ADMIN ACTION - Shop: demoharsh-1dds80q1.myshopify.com, Intent: delete, Product: gid://shopify/Product/9516944851165, Review: 64bb2de4-57bc-491f-a9ea-b1c0bdb13992
2026-06-25T14:28:49.386Z - ADMIN DELETE SUCCESS
2026-06-25T14:28:49.651Z - ADMIN LOADER START - Shop: demoharsh-1dds80q1.myshopify.com
2026-06-25T14:28:50.124Z - ADMIN LOADER SUCCESS - Found: 3 reviews total across shop.
2026-06-25T14:28:52.756Z - ADMIN ACTION - Shop: demoharsh-1dds80q1.myshopify.com, Intent: delete, Product: gid://shopify/Product/9516944851165, Review: 23f2f0c0-2e32-49e1-a44c-685a7acbe48b
2026-06-25T14:28:53.787Z - ADMIN DELETE SUCCESS
2026-06-25T14:28:54.204Z - ADMIN LOADER START - Shop: demoharsh-1dds80q1.myshopify.com
2026-06-25T14:28:54.720Z - ADMIN LOADER SUCCESS - Found: 2 reviews total across shop.
2026-06-25T14:28:58.348Z - ADMIN ACTION - Shop: demoharsh-1dds80q1.myshopify.com, Intent: delete, Product: gid://shopify/Product/9516944851165, Review: bf140a11-260b-4609-a2ac-7775554f43f2
2026-06-25T14:28:59.365Z - ADMIN DELETE SUCCESS
2026-06-25T14:28:59.718Z - ADMIN LOADER START - Shop: demoharsh-1dds80q1.myshopify.com
2026-06-25T14:29:00.198Z - ADMIN LOADER SUCCESS - Found: 1 reviews total across shop.
2026-06-25T14:31:01.859Z - ADMIN LOADER START - Shop: demoharsh-1dds80q1.myshopify.com
2026-06-25T14:31:02.639Z - ADMIN LOADER SUCCESS - Found: 1 reviews total across shop.
2026-06-25T14:32:16.196Z - ADMIN LOADER START - Shop: demoharsh-1dds80q1.myshopify.com
2026-06-25T14:32:17.205Z - ADMIN LOADER SUCCESS - Found: 1 reviews total across shop.
2026-06-25T14:37:49.714Z - ADMIN LOADER START - Shop: demoharsh-1dds80q1.myshopify.com
2026-06-25T14:37:50.429Z - ADMIN LOADER SUCCESS - Found: 2 reviews total across shop.
2026-06-25T14:38:31.709Z - ADMIN ACTION - Shop: demoharsh-1dds80q1.myshopify.com, Intent: delete, Product: gid://shopify/Product/9516944851165, Review: ff53a324-00e6-4d89-9791-36bcfbc9f871
2026-06-25T14:38:32.932Z - ADMIN DELETE SUCCESS
2026-06-25T14:38:33.265Z - ADMIN LOADER START - Shop: demoharsh-1dds80q1.myshopify.com
2026-06-25T14:38:33.827Z - ADMIN LOADER SUCCESS - Found: 1 reviews total across shop.
2026-06-25T14:41:27.622Z - ADMIN LOADER START - Shop: demoharsh-1dds80q1.myshopify.com
2026-06-25T14:41:28.385Z - ADMIN LOADER SUCCESS - Found: 2 reviews total across shop.
2026-06-26T05:27:56.674Z - ADMIN LOADER START - Shop: demoharsh-1dds80q1.myshopify.com
2026-06-26T05:27:57.547Z - ADMIN LOADER SUCCESS - Found: 3 reviews total across shop.
2026-06-26T06:29:50.011Z - ADMIN LOADER START - Shop: demoharsh-1dds80q1.myshopify.com
2026-06-26T06:29:50.878Z - ADMIN LOADER SUCCESS - Found: 3 reviews total across shop.
2026-06-26T08:52:29.053Z - ADMIN LOADER START - Shop: demoharsh-1dds80q1.myshopify.com
2026-06-26T08:52:29.911Z - ADMIN LOADER SUCCESS - Found: 3 reviews total across shop.
2026-06-26T09:24:22.885Z - ADMIN LOADER START - Shop: demoharsh-1dds80q1.myshopify.com
2026-06-26T09:24:24.769Z - ADMIN LOADER SUCCESS - Found: 3 reviews total across shop.
2026-06-26T12:21:06.787Z - ADMIN LOADER START - Shop: demoharsh-1dds80q1.myshopify.com
2026-06-26T12:21:07.649Z - ADMIN LOADER SUCCESS - Found: 4 reviews total across shop.
2026-06-26T13:27:11.472Z - ADMIN LOADER START - Shop: demoharsh-1dds80q1.myshopify.com
2026-06-26T13:27:13.332Z - ADMIN LOADER SUCCESS - Found: 6 reviews total across shop.
2026-06-26T13:27:21.974Z - ADMIN ACTION - Shop: demoharsh-1dds80q1.myshopify.com, Intent: delete, Product: gid://shopify/Product/9516944851165, Review: 200c0281-4859-4470-a63f-093c511df12b
2026-06-26T13:27:23.365Z - ADMIN DELETE SUCCESS
2026-06-26T13:27:23.688Z - ADMIN LOADER START - Shop: demoharsh-1dds80q1.myshopify.com
2026-06-26T13:27:24.163Z - ADMIN LOADER SUCCESS - Found: 5 reviews total across shop.
2026-06-26T14:29:10.802Z - ADMIN LOADER START - Shop: demoharsh-1dds80q1.myshopify.com
2026-06-26T14:29:11.642Z - ADMIN LOADER SUCCESS - Found: 6 reviews total across shop.
2026-06-26T14:30:45.133Z - ADMIN LOADER START - Shop: demoharsh-1dds80q1.myshopify.com
2026-06-26T14:30:45.834Z - ADMIN LOADER SUCCESS - Found: 6 reviews total across shop.
2026-06-26T14:33:12.669Z - ADMIN LOADER START - Shop: demoharsh-1dds80q1.myshopify.com
2026-06-26T14:33:13.407Z - ADMIN LOADER SUCCESS - Found: 6 reviews total across shop.
2026-06-26T14:33:45.785Z - ADMIN LOADER START - Shop: demoharsh-1dds80q1.myshopify.com
2026-06-26T14:33:46.753Z - ADMIN LOADER SUCCESS - Found: 6 reviews total across shop.
2026-06-27T08:03:04.873Z - ADMIN LOADER START - Shop: demoharsh-1dds80q1.myshopify.com
2026-06-27T08:03:05.468Z - ADMIN LOADER SUCCESS - Found: 7 reviews total across shop.
2026-06-27T08:03:09.987Z - ADMIN ACTION - Shop: demoharsh-1dds80q1.myshopify.com, Intent: delete, Product: gid://shopify/Product/9516944851165, Review: 39cd1bdf-8b99-45d2-9999-abfd04607232
2026-06-27T08:03:11.063Z - ADMIN DELETE SUCCESS
2026-06-27T08:03:11.221Z - ADMIN LOADER START - Shop: demoharsh-1dds80q1.myshopify.com
2026-06-27T08:03:11.651Z - ADMIN LOADER SUCCESS - Found: 6 reviews total across shop.
2026-06-27T08:03:12.826Z - ADMIN ACTION - Shop: demoharsh-1dds80q1.myshopify.com, Intent: delete, Product: gid://shopify/Product/9516944851165, Review: 06140574-c005-4b34-8ca4-7f6a6b97f999
2026-06-27T08:03:13.737Z - ADMIN DELETE SUCCESS
2026-06-27T08:03:13.972Z - ADMIN LOADER START - Shop: demoharsh-1dds80q1.myshopify.com
2026-06-27T08:03:14.403Z - ADMIN LOADER SUCCESS - Found: 5 reviews total across shop.
2026-06-27T08:03:16.847Z - ADMIN ACTION - Shop: demoharsh-1dds80q1.myshopify.com, Intent: delete, Product: gid://shopify/Product/9516944851165, Review: 4b6fdd15-2c2a-4d9e-b600-e9d1ea949876
2026-06-27T08:03:17.822Z - ADMIN DELETE SUCCESS
2026-06-27T08:03:17.999Z - ADMIN LOADER START - Shop: demoharsh-1dds80q1.myshopify.com
2026-06-27T08:03:18.459Z - ADMIN LOADER SUCCESS - Found: 4 reviews total across shop.
2026-06-27T08:03:20.745Z - ADMIN ACTION - Shop: demoharsh-1dds80q1.myshopify.com, Intent: delete, Product: gid://shopify/Product/9516944851165, Review: 935c0a07-2113-4845-a1e9-e9c78c164c85
2026-06-27T08:03:21.693Z - ADMIN DELETE SUCCESS
2026-06-27T08:03:21.933Z - ADMIN LOADER START - Shop: demoharsh-1dds80q1.myshopify.com
2026-06-27T08:03:22.362Z - ADMIN LOADER SUCCESS - Found: 3 reviews total across shop.
2026-06-27T08:03:38.349Z - ADMIN ACTION - Shop: demoharsh-1dds80q1.myshopify.com, Intent: delete, Product: gid://shopify/Product/9516944851165, Review: a5f8b6a9-7b12-4e54-807d-53bdc762429f
2026-06-27T08:03:39.443Z - ADMIN DELETE SUCCESS
2026-06-27T08:03:39.640Z - ADMIN LOADER START - Shop: demoharsh-1dds80q1.myshopify.com
2026-06-27T08:03:40.070Z - ADMIN LOADER SUCCESS - Found: 2 reviews total across shop.
2026-06-27T08:03:49.418Z - ADMIN ACTION - Shop: demoharsh-1dds80q1.myshopify.com, Intent: delete, Product: gid://shopify/Product/9516944851165, Review: a6fa5b99-c50a-4d3f-9fe2-3cf087fcc2fb
2026-06-27T08:03:50.531Z - ADMIN DELETE SUCCESS
2026-06-27T08:03:50.740Z - ADMIN LOADER START - Shop: demoharsh-1dds80q1.myshopify.com
2026-06-27T08:03:51.179Z - ADMIN LOADER SUCCESS - Found: 1 reviews total across shop.
2026-06-27T08:16:47.116Z - ADMIN LOADER START - Shop: demoharsh-1dds80q1.myshopify.com
2026-06-27T08:16:47.705Z - ADMIN LOADER SUCCESS - Found: 3 reviews total across shop.
2026-06-27T08:18:46.848Z - ADMIN LOADER START - Shop: demoharsh-1dds80q1.myshopify.com
2026-06-27T08:18:47.448Z - ADMIN LOADER SUCCESS - Found: 4 reviews total across shop.
2026-06-27T08:35:51.656Z - ADMIN LOADER START - Shop: demoharsh-1dds80q1.myshopify.com
2026-06-27T08:35:52.285Z - ADMIN LOADER SUCCESS - Found: 5 reviews total across shop.
2026-06-27T09:41:42.347Z - ADMIN LOADER START - Shop: demoharsh-1dds80q1.myshopify.com
2026-06-27T09:41:43.007Z - ADMIN LOADER SUCCESS - Found: 5 reviews total across shop.
2026-06-27T09:43:19.694Z - ADMIN LOADER START - Shop: demoharsh-1dds80q1.myshopify.com
2026-06-27T09:43:20.772Z - ADMIN LOADER SUCCESS - Found: 5 reviews total across shop.
2026-06-27T09:44:20.267Z - ADMIN LOADER START - Shop: demoharsh-1dds80q1.myshopify.com
2026-06-27T09:44:21.030Z - ADMIN LOADER SUCCESS - Found: 5 reviews total across shop.
2026-06-27T09:50:47.487Z - ADMIN LOADER START - Shop: demoharsh-1dds80q1.myshopify.com
2026-06-27T09:50:50.121Z - ADMIN LOADER SUCCESS - Found: 5 reviews total across shop.
2026-06-27T10:07:53.108Z - ADMIN LOADER START - Shop: demoharsh-1dds80q1.myshopify.com
2026-06-27T10:07:53.599Z - ADMIN LOADER SUCCESS - Found: 5 reviews total across shop.
2026-06-27T10:21:06.063Z - ADMIN LOADER START - Shop: demoharsh-1dds80q1.myshopify.com
2026-06-27T10:21:06.779Z - ADMIN LOADER SUCCESS - Found: 5 reviews total across shop.
2026-06-27T10:23:35.931Z - ADMIN LOADER START - Shop: demoharsh-1dds80q1.myshopify.com
2026-06-27T10:23:36.341Z - ADMIN LOADER START - Shop: demoharsh-1dds80q1.myshopify.com
2026-06-27T10:23:36.668Z - ADMIN LOADER SUCCESS - Found: 5 reviews total across shop.
2026-06-27T10:23:36.923Z - ADMIN LOADER SUCCESS - Found: 5 reviews total across shop.
2026-06-27T10:23:38.341Z - ADMIN LOADER START - Shop: demoharsh-1dds80q1.myshopify.com
2026-06-27T10:23:38.850Z - ADMIN LOADER SUCCESS - Found: 5 reviews total across shop.
2026-06-27T10:24:52.356Z - ADMIN LOADER START - Shop: demoharsh-1dds80q1.myshopify.com
2026-06-27T10:24:52.548Z - ADMIN LOADER START - Shop: demoharsh-1dds80q1.myshopify.com
2026-06-27T10:24:52.960Z - ADMIN LOADER SUCCESS - Found: 5 reviews total across shop.
2026-06-27T10:24:53.243Z - ADMIN LOADER SUCCESS - Found: 5 reviews total across shop.
2026-06-27T10:27:05.641Z - ADMIN LOADER START - Shop: demoharsh-1dds80q1.myshopify.com
2026-06-27T10:27:07.003Z - ADMIN LOADER SUCCESS - Found: 5 reviews total across shop.
2026-06-27T10:39:27.271Z - ADMIN LOADER START - Shop: demoharsh-1dds80q1.myshopify.com
2026-06-27T10:39:28.270Z - ADMIN LOADER SUCCESS - Found: 5 reviews total across shop.
2026-06-27T10:56:55.646Z - ADMIN LOADER START - Shop: demoharsh-1dds80q1.myshopify.com
2026-06-27T10:56:56.239Z - ADMIN LOADER SUCCESS - Found: 5 reviews total across shop.
2026-06-27T10:58:20.833Z - ADMIN LOADER START - Shop: demoharsh-1dds80q1.myshopify.com
2026-06-27T10:58:21.450Z - ADMIN LOADER SUCCESS - Found: 5 reviews total across shop.
2026-06-27T12:01:45.920Z - ADMIN LOADER START - Shop: demoharsh-1dds80q1.myshopify.com
2026-06-27T12:01:46.621Z - ADMIN LOADER SUCCESS - Found: 5 reviews total across shop.
2026-06-27T12:02:54.638Z - ADMIN LOADER START - Shop: demoharsh-1dds80q1.myshopify.com
2026-06-27T12:02:55.176Z - ADMIN LOADER SUCCESS - Found: 7 reviews total across shop.
2026-06-27T12:06:47.766Z - ADMIN LOADER START - Shop: demoharsh-1dds80q1.myshopify.com
2026-06-27T12:06:49.570Z - ADMIN LOADER SUCCESS - Found: 7 reviews total across shop.
2026-06-27T12:07:08.367Z - ADMIN LOADER START - Shop: demoharsh-1dds80q1.myshopify.com
2026-06-27T12:07:09.026Z - ADMIN LOADER SUCCESS - Found: 7 reviews total across shop.
2026-06-27T12:11:51.139Z - ADMIN LOADER START - Shop: demoharsh-1dds80q1.myshopify.com
2026-06-27T12:11:51.727Z - ADMIN LOADER SUCCESS - Found: 7 reviews total across shop.
2026-06-27T12:14:27.346Z - ADMIN LOADER START - Shop: demoharsh-1dds80q1.myshopify.com
2026-06-27T12:14:28.013Z - ADMIN LOADER SUCCESS - Found: 7 reviews total across shop.
2026-06-27T12:17:53.599Z - ADMIN LOADER START - Shop: demoharsh-1dds80q1.myshopify.com
2026-06-27T12:17:54.380Z - ADMIN LOADER SUCCESS - Found: 7 reviews total across shop.
2026-06-27T12:18:03.825Z - ADMIN ACTION - Shop: demoharsh-1dds80q1.myshopify.com, Intent: delete, Product: gid://shopify/Product/9516944851165, Review: e187f745-076d-4ae3-8528-f5e29d4232bd
2026-06-27T12:18:05.094Z - ADMIN DELETE SUCCESS
2026-06-27T12:18:05.314Z - ADMIN LOADER START - Shop: demoharsh-1dds80q1.myshopify.com
2026-06-27T12:18:05.849Z - ADMIN LOADER SUCCESS - Found: 6 reviews total across shop.
2026-06-27T12:18:08.702Z - ADMIN ACTION - Shop: demoharsh-1dds80q1.myshopify.com, Intent: delete, Product: gid://shopify/Product/9516944851165, Review: 2d4328d4-7667-4d33-94e8-1164f19862a1
2026-06-27T12:18:09.737Z - ADMIN DELETE SUCCESS
2026-06-27T12:18:09.915Z - ADMIN LOADER START - Shop: demoharsh-1dds80q1.myshopify.com
2026-06-27T12:18:10.370Z - ADMIN LOADER SUCCESS - Found: 5 reviews total across shop.
2026-06-27T12:19:06.511Z - ADMIN LOADER START - Shop: demoharsh-1dds80q1.myshopify.com
2026-06-27T12:19:06.948Z - ADMIN LOADER SUCCESS - Found: 7 reviews total across shop.
2026-06-27T12:19:55.072Z - ADMIN LOADER START - Shop: demoharsh-1dds80q1.myshopify.com
2026-06-27T12:19:55.937Z - ADMIN LOADER SUCCESS - Found: 7 reviews total across shop.
2026-06-27T12:27:30.500Z - ADMIN LOADER START - Shop: demoharsh-1dds80q1.myshopify.com
2026-06-27T12:27:31.147Z - ADMIN LOADER SUCCESS - Found: 7 reviews total across shop.
2026-06-27T12:27:36.201Z - ADMIN ACTION - Shop: demoharsh-1dds80q1.myshopify.com, Intent: delete, Product: gid://shopify/Product/9516944851165, Review: f206f934-fc3a-4c0e-b1f3-ab6910490d37
2026-06-27T12:27:37.346Z - ADMIN DELETE SUCCESS
2026-06-27T12:27:37.604Z - ADMIN LOADER START - Shop: demoharsh-1dds80q1.myshopify.com
2026-06-27T12:27:38.394Z - ADMIN LOADER SUCCESS - Found: 6 reviews total across shop.
2026-06-27T12:27:39.181Z - ADMIN ACTION - Shop: demoharsh-1dds80q1.myshopify.com, Intent: delete, Product: gid://shopify/Product/9516944851165, Review: 2e34aadd-a3f8-4c4e-9919-d9dcb14bd63b
2026-06-27T12:27:40.125Z - ADMIN DELETE SUCCESS
2026-06-27T12:27:40.643Z - ADMIN LOADER START - Shop: demoharsh-1dds80q1.myshopify.com
2026-06-27T12:27:41.076Z - ADMIN LOADER SUCCESS - Found: 5 reviews total across shop.
2026-06-27T12:27:56.936Z - ADMIN LOADER START - Shop: demoharsh-1dds80q1.myshopify.com
2026-06-27T12:27:57.399Z - ADMIN LOADER SUCCESS - Found: 7 reviews total across shop.
2026-06-27T12:29:58.088Z - ADMIN LOADER START - Shop: demoharsh-1dds80q1.myshopify.com
2026-06-27T12:29:58.550Z - ADMIN LOADER SUCCESS - Found: 7 reviews total across shop.
2026-06-27T12:30:04.514Z - ADMIN ACTION - Shop: demoharsh-1dds80q1.myshopify.com, Intent: delete, Product: gid://shopify/Product/9516944851165, Review: 8a42c591-ef24-44fd-9b84-dfc004fdc7eb
2026-06-27T12:30:05.734Z - ADMIN DELETE SUCCESS
2026-06-27T12:30:05.904Z - ADMIN LOADER START - Shop: demoharsh-1dds80q1.myshopify.com
2026-06-27T12:30:06.052Z - ADMIN LOADER CRASH - Http request error, no response available: GraphQL Client: fetch failed
2026-06-27T12:30:39.093Z - ADMIN LOADER START - Shop: demoharsh-1dds80q1.myshopify.com
2026-06-27T12:30:39.785Z - ADMIN LOADER SUCCESS - Found: 6 reviews total across shop.
2026-06-27T12:33:03.341Z - ADMIN LOADER START - Shop: demoharsh-1dds80q1.myshopify.com
2026-06-27T12:33:05.141Z - ADMIN LOADER SUCCESS - Found: 6 reviews total across shop.
2026-06-27T12:33:10.766Z - ADMIN ACTION - Shop: demoharsh-1dds80q1.myshopify.com, Intent: delete, Product: gid://shopify/Product/9516944851165, Review: 7a118b02-fe3d-47a7-b506-add6133922a7
2026-06-27T12:33:11.900Z - ADMIN DELETE SUCCESS
2026-06-27T12:33:12.089Z - ADMIN LOADER START - Shop: demoharsh-1dds80q1.myshopify.com
2026-06-27T12:33:12.505Z - ADMIN LOADER SUCCESS - Found: 5 reviews total across shop.
2026-06-27T12:34:04.073Z - ADMIN LOADER START - Shop: demoharsh-1dds80q1.myshopify.com
2026-06-27T12:34:05.109Z - ADMIN LOADER SUCCESS - Found: 7 reviews total across shop.
2026-06-27T12:36:07.275Z - ADMIN LOADER START - Shop: demoharsh-1dds80q1.myshopify.com
2026-06-27T12:36:07.924Z - ADMIN LOADER SUCCESS - Found: 7 reviews total across shop.
2026-06-27T12:37:02.049Z - ADMIN ACTION - Shop: demoharsh-1dds80q1.myshopify.com, Intent: delete, Product: gid://shopify/Product/9516944851165, Review: 5f76d63d-37de-489c-a411-d0e674613b33
2026-06-27T12:37:03.166Z - ADMIN DELETE SUCCESS
2026-06-27T12:37:03.385Z - ADMIN LOADER START - Shop: demoharsh-1dds80q1.myshopify.com
2026-06-27T12:37:03.935Z - ADMIN LOADER SUCCESS - Found: 6 reviews total across shop.
2026-06-27T12:37:05.685Z - ADMIN ACTION - Shop: demoharsh-1dds80q1.myshopify.com, Intent: delete, Product: gid://shopify/Product/9516944851165, Review: 8a1ee996-56a3-4173-a52d-f913bae503d9
2026-06-27T12:37:06.633Z - ADMIN DELETE SUCCESS
2026-06-27T12:37:06.823Z - ADMIN LOADER START - Shop: demoharsh-1dds80q1.myshopify.com
2026-06-27T12:37:07.253Z - ADMIN LOADER SUCCESS - Found: 5 reviews total across shop.
2026-06-27T12:37:18.778Z - ADMIN ACTION - Shop: demoharsh-1dds80q1.myshopify.com, Intent: delete, Product: gid://shopify/Product/9516944851165, Review: fac81c2b-a9b2-471f-8c18-79720b725cda
2026-06-27T12:37:20.270Z - ADMIN DELETE SUCCESS
2026-06-27T12:37:20.526Z - ADMIN LOADER START - Shop: demoharsh-1dds80q1.myshopify.com
2026-06-27T12:37:20.986Z - ADMIN LOADER SUCCESS - Found: 4 reviews total across shop.
2026-06-27T12:41:27.481Z - ADMIN LOADER START - Shop: demoharsh-1dds80q1.myshopify.com
2026-06-27T12:41:28.239Z - ADMIN LOADER SUCCESS - Found: 6 reviews total across shop.
2026-06-27T12:41:34.355Z - ADMIN ACTION - Shop: demoharsh-1dds80q1.myshopify.com, Intent: delete, Product: gid://shopify/Product/9516944851165, Review: d74a8e0c-4349-4dab-b27d-742957a545cb
2026-06-27T12:41:35.503Z - ADMIN DELETE SUCCESS
2026-06-27T12:41:35.693Z - ADMIN LOADER START - Shop: demoharsh-1dds80q1.myshopify.com
2026-06-27T12:41:36.130Z - ADMIN LOADER SUCCESS - Found: 5 reviews total across shop.
2026-06-27T12:41:42.394Z - ADMIN ACTION - Shop: demoharsh-1dds80q1.myshopify.com, Intent: delete, Product: gid://shopify/Product/9516944851165, Review: 68e751f1-3a6b-4872-9c0c-72254187a2e1
2026-06-27T12:41:43.489Z - ADMIN DELETE SUCCESS
2026-06-27T12:41:43.667Z - ADMIN LOADER START - Shop: demoharsh-1dds80q1.myshopify.com
2026-06-27T12:41:44.207Z - ADMIN LOADER SUCCESS - Found: 4 reviews total across shop.
2026-06-27T12:45:11.464Z - ADMIN LOADER START - Shop: demoharsh-1dds80q1.myshopify.com
2026-06-27T12:45:12.475Z - ADMIN LOADER SUCCESS - Found: 6 reviews total across shop.
2026-06-27T12:45:19.544Z - ADMIN ACTION - Shop: demoharsh-1dds80q1.myshopify.com, Intent: delete, Product: gid://shopify/Product/9516944851165, Review: a2fdb084-a9e5-4638-acf3-3b376e66ca67
2026-06-27T12:45:20.661Z - ADMIN DELETE SUCCESS
2026-06-27T12:45:20.838Z - ADMIN LOADER START - Shop: demoharsh-1dds80q1.myshopify.com
2026-06-27T12:45:21.257Z - ADMIN LOADER SUCCESS - Found: 5 reviews total across shop.
2026-06-27T12:45:23.851Z - ADMIN ACTION - Shop: demoharsh-1dds80q1.myshopify.com, Intent: delete, Product: gid://shopify/Product/9516944851165, Review: c834548e-89e0-437d-9aba-6095780eb79b
2026-06-27T12:45:24.803Z - ADMIN DELETE SUCCESS
2026-06-27T12:45:24.998Z - ADMIN LOADER START - Shop: demoharsh-1dds80q1.myshopify.com
2026-06-27T12:45:25.632Z - ADMIN LOADER SUCCESS - Found: 4 reviews total across shop.
2026-06-27T12:48:34.371Z - ADMIN LOADER START - Shop: demoharsh-1dds80q1.myshopify.com
2026-06-27T12:48:34.970Z - ADMIN LOADER SUCCESS - Found: 6 reviews total across shop.
2026-06-27T12:48:38.823Z - ADMIN ACTION - Shop: demoharsh-1dds80q1.myshopify.com, Intent: delete, Product: gid://shopify/Product/9516944851165, Review: b5fd7190-5346-411e-a75d-0ce53302e852
2026-06-27T12:48:39.746Z - ADMIN DELETE SUCCESS
2026-06-27T12:48:39.933Z - ADMIN LOADER START - Shop: demoharsh-1dds80q1.myshopify.com
2026-06-27T12:48:40.373Z - ADMIN LOADER SUCCESS - Found: 5 reviews total across shop.
2026-06-27T12:48:42.508Z - ADMIN ACTION - Shop: demoharsh-1dds80q1.myshopify.com, Intent: delete, Product: gid://shopify/Product/9516944851165, Review: 42310291-d6b7-427a-a68a-ed4e75720864
2026-06-27T12:48:43.456Z - ADMIN DELETE SUCCESS
2026-06-27T12:48:43.637Z - ADMIN LOADER START - Shop: demoharsh-1dds80q1.myshopify.com
2026-06-27T12:48:44.159Z - ADMIN LOADER SUCCESS - Found: 4 reviews total across shop.
2026-06-27T13:02:08.493Z - ADMIN LOADER START - Shop: demoharsh-1dds80q1.myshopify.com
2026-06-27T13:02:09.062Z - ADMIN LOADER SUCCESS - Found: 8 reviews total across shop.
2026-06-27T13:10:33.534Z - ADMIN ACTION - Shop: demoharsh-1dds80q1.myshopify.com, Intent: delete, Product: gid://shopify/Product/9516944851165, Review: b12b4cba-053e-4dfa-8c9c-4062ce26575d
2026-06-27T13:10:34.887Z - ADMIN DELETE SUCCESS
2026-06-27T13:10:36.003Z - ADMIN LOADER START - Shop: demoharsh-1dds80q1.myshopify.com
2026-06-27T13:10:36.155Z - ADMIN LOADER START - Shop: demoharsh-1dds80q1.myshopify.com
2026-06-27T13:10:36.516Z - ADMIN LOADER SUCCESS - Found: 7 reviews total across shop.
2026-06-27T13:10:36.828Z - ADMIN LOADER SUCCESS - Found: 7 reviews total across shop.
2026-06-27T13:10:37.313Z - ADMIN ACTION - Shop: demoharsh-1dds80q1.myshopify.com, Intent: delete, Product: gid://shopify/Product/9516944851165, Review: b12b4cba-053e-4dfa-8c9c-4062ce26575d
2026-06-27T13:10:38.661Z - ADMIN DELETE SUCCESS
2026-06-27T13:10:38.846Z - ADMIN LOADER START - Shop: demoharsh-1dds80q1.myshopify.com
2026-06-27T13:10:38.989Z - ADMIN LOADER START - Shop: demoharsh-1dds80q1.myshopify.com
2026-06-27T13:10:39.287Z - ADMIN LOADER SUCCESS - Found: 7 reviews total across shop.
2026-06-27T13:10:39.451Z - ADMIN LOADER SUCCESS - Found: 7 reviews total across shop.
2026-06-27T13:10:42.668Z - ADMIN ACTION - Shop: demoharsh-1dds80q1.myshopify.com, Intent: delete, Product: gid://shopify/Product/9516944851165, Review: 984f0792-60a6-4f08-ac54-4ad866c81e83
2026-06-27T13:10:43.661Z - ADMIN DELETE SUCCESS
2026-06-27T13:10:43.884Z - ADMIN LOADER START - Shop: demoharsh-1dds80q1.myshopify.com
2026-06-27T13:10:44.337Z - ADMIN LOADER SUCCESS - Found: 6 reviews total across shop.
2026-06-27T13:10:46.724Z - ADMIN ACTION - Shop: demoharsh-1dds80q1.myshopify.com, Intent: delete, Product: gid://shopify/Product/9516944851165, Review: 87b68d49-820e-4681-83dd-c6e64ad807f5
2026-06-27T13:10:47.641Z - ADMIN DELETE SUCCESS
2026-06-27T13:10:47.818Z - ADMIN LOADER START - Shop: demoharsh-1dds80q1.myshopify.com
2026-06-27T13:10:48.257Z - ADMIN LOADER SUCCESS - Found: 5 reviews total across shop.
2026-06-27T13:10:52.888Z - ADMIN ACTION - Shop: demoharsh-1dds80q1.myshopify.com, Intent: delete, Product: gid://shopify/Product/9516944851165, Review: e7e2d433-cf05-41f7-bfe4-aba48ab9cdf8
2026-06-27T13:10:54.009Z - ADMIN DELETE SUCCESS
2026-06-27T13:10:54.229Z - ADMIN LOADER START - Shop: demoharsh-1dds80q1.myshopify.com
2026-06-27T13:10:54.660Z - ADMIN LOADER SUCCESS - Found: 4 reviews total across shop.
2026-06-27T13:18:07.822Z - ADMIN LOADER START - Shop: demoharsh-1dds80q1.myshopify.com
2026-06-27T13:18:08.278Z - ADMIN LOADER SUCCESS - Found: 4 reviews total across shop.
2026-06-27T13:20:35.505Z - ADMIN LOADER START - Shop: demoharsh-1dds80q1.myshopify.com
2026-06-27T13:20:35.950Z - ADMIN LOADER SUCCESS - Found: 6 reviews total across shop.
2026-06-27T13:23:21.651Z - ADMIN LOADER START - Shop: demoharsh-1dds80q1.myshopify.com
2026-06-27T13:23:22.103Z - ADMIN LOADER SUCCESS - Found: 8 reviews total across shop.
2026-07-09T06:37:54.477Z - ADMIN LOADER START - Shop: demoharsh-1dds80q1.myshopify.com
2026-07-09T06:37:55.140Z - ADMIN LOADER SUCCESS - Found: 8 reviews total across shop.
